<?xml version="1.0" encoding="UTF-8"?>
<testsuite xmlns:xsi="http://www.w3.org/2001/XMLSchema-instance" xsi:noNamespaceSchemaLocation="https://maven.apache.org/surefire/maven-surefire-plugin/xsd/surefire-test-report.xsd" name="org.example.AppTest" time="6.978" tests="1" errors="0" skipped="0" failures="0">
  <properties>
    <property name="sun.desktop" value="windows"/>
    <property name="awt.toolkit" value="sun.awt.windows.WToolkit"/>
    <property name="file.encoding.pkg" value="sun.io"/>
    <property name="java.specification.version" value="1.8"/>
    <property name="sun.cpu.isalist" value="amd64"/>
    <property name="sun.jnu.encoding" value="GBK"/>
    <property name="java.class.path" value="F:\sources\RedisLock\producer\target\test-classes;F:\sources\RedisLock\producer\target\classes;F:\repository\org\springframework\data\spring-data-redis\2.5.4\spring-data-redis-2.5.4.jar;F:\repository\org\springframework\data\spring-data-keyvalue\2.5.3\spring-data-keyvalue-2.5.3.jar;F:\repository\org\springframework\data\spring-data-commons\2.5.3\spring-data-commons-2.5.3.jar;F:\repository\org\springframework\spring-oxm\5.3.9\spring-oxm-5.3.9.jar;F:\repository\org\springframework\spring-aop\5.3.9\spring-aop-5.3.9.jar;F:\repository\org\springframework\spring-context-support\5.3.9\spring-context-support-5.3.9.jar;F:\repository\org\slf4j\slf4j-api\1.7.32\slf4j-api-1.7.32.jar;F:\repository\org\springframework\boot\spring-boot-starter-amqp\2.5.2\spring-boot-starter-amqp-2.5.2.jar;F:\repository\org\springframework\boot\spring-boot-starter\2.5.3\spring-boot-starter-2.5.3.jar;F:\repository\org\springframework\boot\spring-boot\2.5.3\spring-boot-2.5.3.jar;F:\repository\org\springframework\boot\spring-boot-autoconfigure\2.5.3\spring-boot-autoconfigure-2.5.3.jar;F:\repository\org\springframework\boot\spring-boot-starter-logging\2.5.3\spring-boot-starter-logging-2.5.3.jar;F:\repository\org\apache\logging\log4j\log4j-to-slf4j\2.14.1\log4j-to-slf4j-2.14.1.jar;F:\repository\org\apache\logging\log4j\log4j-api\2.14.1\log4j-api-2.14.1.jar;F:\repository\org\slf4j\jul-to-slf4j\1.7.32\jul-to-slf4j-1.7.32.jar;F:\repository\jakarta\annotation\jakarta.annotation-api\1.3.5\jakarta.annotation-api-1.3.5.jar;F:\repository\org\yaml\snakeyaml\1.28\snakeyaml-1.28.jar;F:\repository\org\springframework\spring-messaging\5.3.9\spring-messaging-5.3.9.jar;F:\repository\org\springframework\amqp\spring-rabbit\2.3.10\spring-rabbit-2.3.10.jar;F:\repository\org\springframework\amqp\spring-amqp\2.3.10\spring-amqp-2.3.10.jar;F:\repository\org\springframework\retry\spring-retry\1.3.1\spring-retry-1.3.1.jar;F:\repository\com\rabbitmq\amqp-client\5.12.0\amqp-client-5.12.0.jar;F:\repository\org\springframework\boot\spring-boot-starter-web\2.5.2\spring-boot-starter-web-2.5.2.jar;F:\repository\org\springframework\boot\spring-boot-starter-json\2.5.3\spring-boot-starter-json-2.5.3.jar;F:\repository\com\fasterxml\jackson\datatype\jackson-datatype-jdk8\2.12.4\jackson-datatype-jdk8-2.12.4.jar;F:\repository\com\fasterxml\jackson\datatype\jackson-datatype-jsr310\2.12.4\jackson-datatype-jsr310-2.12.4.jar;F:\repository\com\fasterxml\jackson\module\jackson-module-parameter-names\2.12.4\jackson-module-parameter-names-2.12.4.jar;F:\repository\org\springframework\boot\spring-boot-starter-tomcat\2.5.3\spring-boot-starter-tomcat-2.5.3.jar;F:\repository\org\apache\tomcat\embed\tomcat-embed-core\9.0.50\tomcat-embed-core-9.0.50.jar;F:\repository\org\apache\tomcat\embed\tomcat-embed-el\9.0.50\tomcat-embed-el-9.0.50.jar;F:\repository\org\apache\tomcat\embed\tomcat-embed-websocket\9.0.50\tomcat-embed-websocket-9.0.50.jar;F:\repository\org\springframework\spring-web\5.3.9\spring-web-5.3.9.jar;F:\repository\org\springframework\spring-webmvc\5.3.9\spring-webmvc-5.3.9.jar;F:\repository\org\springframework\boot\spring-boot-starter-aop\2.5.2\spring-boot-starter-aop-2.5.2.jar;F:\repository\org\aspectj\aspectjweaver\1.9.7\aspectjweaver-1.9.7.jar;F:\repository\org\springframework\boot\spring-boot-starter-data-redis\2.5.3\spring-boot-starter-data-redis-2.5.3.jar;F:\repository\org\apache\commons\commons-pool2\2.6.1\commons-pool2-2.6.1.jar;F:\repository\mysql\mysql-connector-java\8.0.18\mysql-connector-java-8.0.18.jar;F:\repository\ch\qos\logback\logback-classic\1.2.4\logback-classic-1.2.4.jar;F:\repository\ch\qos\logback\logback-core\1.2.4\logback-core-1.2.4.jar;F:\repository\org\mybatis\mybatis-spring\1.3.1\mybatis-spring-1.3.1.jar;F:\repository\org\mybatis\mybatis\3.5.7\mybatis-3.5.7.jar;F:\repository\com\alibaba\druid\1.1.24\druid-1.1.24.jar;F:\repository\junit\junit\4.12\junit-4.12.jar;F:\repository\org\hamcrest\hamcrest-core\2.2\hamcrest-core-2.2.jar;F:\repository\org\hamcrest\hamcrest\2.2\hamcrest-2.2.jar;F:\repository\org\springframework\spring-context\5.3.8\spring-context-5.3.8.jar;F:\repository\org\springframework\spring-expression\5.3.9\spring-expression-5.3.9.jar;F:\repository\org\springframework\spring-core\5.3.8\spring-core-5.3.8.jar;F:\repository\org\springframework\spring-jcl\5.3.9\spring-jcl-5.3.9.jar;F:\repository\org\springframework\spring-tx\5.3.8\spring-tx-5.3.8.jar;F:\repository\org\slf4j\jcl-over-slf4j\1.7.25\jcl-over-slf4j-1.7.25.jar;F:\repository\org\springframework\spring-jdbc\5.3.8\spring-jdbc-5.3.8.jar;F:\repository\org\springframework\spring-beans\5.3.8\spring-beans-5.3.8.jar;F:\repository\org\springframework\spring-test\5.3.8\spring-test-5.3.8.jar;F:\repository\com\fasterxml\jackson\core\jackson-databind\2.12.4\jackson-databind-2.12.4.jar;F:\repository\com\fasterxml\jackson\core\jackson-annotations\2.12.4\jackson-annotations-2.12.4.jar;F:\repository\com\fasterxml\jackson\core\jackson-core\2.12.4\jackson-core-2.12.4.jar;F:\repository\com\alibaba\fastjson\1.2.54\fastjson-1.2.54.jar;F:\repository\io\lettuce\lettuce-core\6.1.3.RELEASE\lettuce-core-6.1.3.RELEASE.jar;F:\repository\io\netty\netty-common\4.1.66.Final\netty-common-4.1.66.Final.jar;F:\repository\io\netty\netty-handler\4.1.66.Final\netty-handler-4.1.66.Final.jar;F:\repository\io\netty\netty-resolver\4.1.66.Final\netty-resolver-4.1.66.Final.jar;F:\repository\io\netty\netty-buffer\4.1.66.Final\netty-buffer-4.1.66.Final.jar;F:\repository\io\netty\netty-codec\4.1.66.Final\netty-codec-4.1.66.Final.jar;F:\repository\io\netty\netty-transport\4.1.66.Final\netty-transport-4.1.66.Final.jar;F:\repository\io\projectreactor\reactor-core\3.4.8\reactor-core-3.4.8.jar;F:\repository\org\reactivestreams\reactive-streams\1.0.3\reactive-streams-1.0.3.jar;F:\repository\org\apache\maven\plugins\maven-project-info-reports-plugin\3.0.0\maven-project-info-reports-plugin-3.0.0.jar;F:\repository\org\apache\maven\reporting\maven-reporting-api\3.0\maven-reporting-api-3.0.jar;F:\repository\org\apache\maven\reporting\maven-reporting-impl\3.0.0\maven-reporting-impl-3.0.0.jar;F:\repository\org\apache\maven\shared\maven-shared-utils\3.2.0\maven-shared-utils-3.2.0.jar;F:\repository\org\apache\maven\maven-artifact\3.0\maven-artifact-3.0.jar;F:\repository\org\apache\maven\maven-core\3.0\maven-core-3.0.jar;F:\repository\org\apache\maven\maven-settings-builder\3.0\maven-settings-builder-3.0.jar;F:\repository\org\apache\maven\maven-model-builder\3.0\maven-model-builder-3.0.jar;F:\repository\org\apache\maven\maven-aether-provider\3.0\maven-aether-provider-3.0.jar;F:\repository\org\sonatype\aether\aether-impl\1.7\aether-impl-1.7.jar;F:\repository\org\sonatype\aether\aether-spi\1.7\aether-spi-1.7.jar;F:\repository\org\sonatype\aether\aether-api\1.7\aether-api-1.7.jar;F:\repository\org\sonatype\aether\aether-util\1.7\aether-util-1.7.jar;F:\repository\org\sonatype\sisu\sisu-inject-plexus\1.4.2\sisu-inject-plexus-1.4.2.jar;F:\repository\org\sonatype\sisu\sisu-inject-bean\1.4.2\sisu-inject-bean-1.4.2.jar;F:\repository\org\sonatype\sisu\sisu-guice\2.1.7\sisu-guice-2.1.7-noaop.jar;F:\repository\org\codehaus\plexus\plexus-classworlds\2.2.3\plexus-classworlds-2.2.3.jar;F:\repository\org\codehaus\plexus\plexus-component-annotations\1.5.5\plexus-component-annotations-1.5.5.jar;F:\repository\org\sonatype\plexus\plexus-sec-dispatcher\1.3\plexus-sec-dispatcher-1.3.jar;F:\repository\org\sonatype\plexus\plexus-cipher\1.4\plexus-cipher-1.4.jar;F:\repository\org\apache\maven\maven-model\3.0\maven-model-3.0.jar;F:\repository\org\apache\maven\maven-plugin-api\3.0\maven-plugin-api-3.0.jar;F:\repository\org\apache\maven\maven-repository-metadata\3.0\maven-repository-metadata-3.0.jar;F:\repository\org\apache\maven\maven-settings\3.0\maven-settings-3.0.jar;F:\repository\org\apache\maven\shared\maven-dependency-tree\2.2\maven-dependency-tree-2.2.jar;F:\repository\org\eclipse\aether\aether-util\0.9.0.M2\aether-util-0.9.0.M2.jar;F:\repository\org\apache\maven\shared\maven-shared-jar\1.2\maven-shared-jar-1.2.jar;F:\repository\org\codehaus\plexus\plexus-digest\1.0\plexus-digest-1.0.jar;F:\repository\org\codehaus\plexus\plexus-container-default\1.0-alpha-8\plexus-container-default-1.0-alpha-8.jar;F:\repository\classworlds\classworlds\1.1-alpha-2\classworlds-1.1-alpha-2.jar;F:\repository\commons-collections\commons-collections\3.1\commons-collections-3.1.jar;F:\repository\org\apache\bcel\bcel\6.2\bcel-6.2.jar;F:\repository\org\apache\maven\shared\maven-common-artifact-filters\3.0.1\maven-common-artifact-filters-3.0.1.jar;F:\repository\org\apache\maven\shared\maven-artifact-transfer\0.9.1\maven-artifact-transfer-0.9.1.jar;F:\repository\commons-codec\commons-codec\1.15\commons-codec-1.15.jar;F:\repository\org\apache\maven\scm\maven-scm-api\1.10.0\maven-scm-api-1.10.0.jar;F:\repository\org\apache\maven\scm\maven-scm-manager-plexus\1.10.0\maven-scm-manager-plexus-1.10.0.jar;F:\repository\org\apache\maven\scm\maven-scm-provider-hg\1.10.0\maven-scm-provider-hg-1.10.0.jar;F:\repository\org\apache\maven\scm\maven-scm-provider-perforce\1.10.0\maven-scm-provider-perforce-1.10.0.jar;F:\repository\org\apache\maven\scm\maven-scm-provider-starteam\1.10.0\maven-scm-provider-starteam-1.10.0.jar;F:\repository\org\apache\maven\scm\maven-scm-provider-svn-commons\1.10.0\maven-scm-provider-svn-commons-1.10.0.jar;F:\repository\org\apache\maven\scm\maven-scm-provider-svnexe\1.10.0\maven-scm-provider-svnexe-1.10.0.jar;F:\repository\commons-lang\commons-lang\2.6\commons-lang-2.6.jar;F:\repository\org\apache\maven\scm\maven-scm-provider-cvs-commons\1.10.0\maven-scm-provider-cvs-commons-1.10.0.jar;F:\repository\org\apache\maven\scm\maven-scm-provider-cvsexe\1.10.0\maven-scm-provider-cvsexe-1.10.0.jar;F:\repository\org\apache\maven\scm\maven-scm-provider-cvsjava\1.10.0\maven-scm-provider-cvsjava-1.10.0.jar;F:\repository\org\netbeans\lib\cvsclient\20060125\cvsclient-20060125.jar;F:\repository\ch\ethz\ganymed\ganymed-ssh2\build210\ganymed-ssh2-build210.jar;F:\repository\org\apache\maven\scm\maven-scm-provider-git-commons\1.10.0\maven-scm-provider-git-commons-1.10.0.jar;F:\repository\org\apache\maven\scm\maven-scm-provider-gitexe\1.10.0\maven-scm-provider-gitexe-1.10.0.jar;F:\repository\commons-io\commons-io\2.2\commons-io-2.2.jar;F:\repository\org\apache\maven\doxia\doxia-sink-api\1.8\doxia-sink-api-1.8.jar;F:\repository\org\apache\maven\doxia\doxia-logging-api\1.8\doxia-logging-api-1.8.jar;F:\repository\org\apache\maven\doxia\doxia-core\1.8\doxia-core-1.8.jar;F:\repository\org\apache\commons\commons-lang3\3.12.0\commons-lang3-3.12.0.jar;F:\repository\org\apache\httpcomponents\httpclient\4.5.13\httpclient-4.5.13.jar;F:\repository\org\apache\httpcomponents\httpcore\4.4.14\httpcore-4.4.14.jar;F:\repository\org\apache\maven\doxia\doxia-decoration-model\1.8.1\doxia-decoration-model-1.8.1.jar;F:\repository\org\apache\maven\doxia\doxia-site-renderer\1.8.1\doxia-site-renderer-1.8.1.jar;F:\repository\org\apache\maven\doxia\doxia-skin-model\1.8.1\doxia-skin-model-1.8.1.jar;F:\repository\org\apache\maven\doxia\doxia-module-xhtml\1.8\doxia-module-xhtml-1.8.jar;F:\repository\org\codehaus\plexus\plexus-velocity\1.2\plexus-velocity-1.2.jar;F:\repository\org\apache\velocity\velocity\1.7\velocity-1.7.jar;F:\repository\org\apache\velocity\velocity-tools\2.0\velocity-tools-2.0.jar;F:\repository\commons-chain\commons-chain\1.1\commons-chain-1.1.jar;F:\repository\dom4j\dom4j\1.1\dom4j-1.1.jar;F:\repository\oro\oro\2.0.8\oro-2.0.8.jar;F:\repository\sslext\sslext\1.2-0\sslext-1.2-0.jar;F:\repository\org\apache\struts\struts-core\1.3.8\struts-core-1.3.8.jar;F:\repository\antlr\antlr\2.7.7\antlr-2.7.7.jar;F:\repository\org\apache\struts\struts-taglib\1.3.8\struts-taglib-1.3.8.jar;F:\repository\org\apache\struts\struts-tiles\1.3.8\struts-tiles-1.3.8.jar;F:\repository\org\apache\maven\doxia\doxia-integration-tools\1.8.1\doxia-integration-tools-1.8.1.jar;F:\repository\org\codehaus\plexus\plexus-i18n\1.0-beta-10\plexus-i18n-1.0-beta-10.jar;F:\repository\org\codehaus\plexus\plexus-utils\3.1.0\plexus-utils-3.1.0.jar;F:\repository\org\codehaus\plexus\plexus-interpolation\1.25\plexus-interpolation-1.25.jar;F:\repository\org\apache\maven\wagon\wagon-http-lightweight\3.1.0\wagon-http-lightweight-3.1.0.jar;F:\repository\org\apache\maven\wagon\wagon-http-shared\3.1.0\wagon-http-shared-3.1.0.jar;F:\repository\org\jsoup\jsoup\1.11.2\jsoup-1.11.2.jar;F:\repository\org\apache\maven\wagon\wagon-provider-api\3.1.0\wagon-provider-api-3.1.0.jar;F:\repository\commons-validator\commons-validator\1.6\commons-validator-1.6.jar;F:\repository\commons-beanutils\commons-beanutils\1.9.2\commons-beanutils-1.9.2.jar;F:\repository\commons-digester\commons-digester\1.8.1\commons-digester-1.8.1.jar;F:\repository\commons-logging\commons-logging\1.2\commons-logging-1.2.jar;"/>
    <property name="java.vm.vendor" value="Oracle Corporation"/>
    <property name="sun.arch.data.model" value="64"/>
    <property name="user.variant" value=""/>
    <property name="java.vendor.url" value="http://java.oracle.com/"/>
    <property name="user.timezone" value="Asia/Shanghai"/>
    <property name="java.vm.specification.version" value="1.8"/>
    <property name="os.name" value="Windows 10"/>
    <property name="user.country" value="CN"/>
    <property name="sun.java.launcher" value="SUN_STANDARD"/>
    <property name="sun.boot.library.path" value="C:\Program Files\Java\jdk1.8.0_191\jre\bin"/>
    <property name="sun.java.command" value="C:\Users\Administrator.SUR2TC298617Z6W\AppData\Local\Temp\surefire5904017898414746121\surefirebooter7292583830727741057.jar C:\Users\Administrator.SUR2TC298617Z6W\AppData\Local\Temp\surefire5904017898414746121 2021-09-27T23-22-31_697-jvmRun1 surefire5411940740539836453tmp surefire_03155959257338009139tmp"/>
    <property name="surefire.test.class.path" value="F:\sources\RedisLock\producer\target\test-classes;F:\sources\RedisLock\producer\target\classes;F:\repository\org\springframework\data\spring-data-redis\2.5.4\spring-data-redis-2.5.4.jar;F:\repository\org\springframework\data\spring-data-keyvalue\2.5.3\spring-data-keyvalue-2.5.3.jar;F:\repository\org\springframework\data\spring-data-commons\2.5.3\spring-data-commons-2.5.3.jar;F:\repository\org\springframework\spring-oxm\5.3.9\spring-oxm-5.3.9.jar;F:\repository\org\springframework\spring-aop\5.3.9\spring-aop-5.3.9.jar;F:\repository\org\springframework\spring-context-support\5.3.9\spring-context-support-5.3.9.jar;F:\repository\org\slf4j\slf4j-api\1.7.32\slf4j-api-1.7.32.jar;F:\repository\org\springframework\boot\spring-boot-starter-amqp\2.5.2\spring-boot-starter-amqp-2.5.2.jar;F:\repository\org\springframework\boot\spring-boot-starter\2.5.3\spring-boot-starter-2.5.3.jar;F:\repository\org\springframework\boot\spring-boot\2.5.3\spring-boot-2.5.3.jar;F:\repository\org\springframework\boot\spring-boot-autoconfigure\2.5.3\spring-boot-autoconfigure-2.5.3.jar;F:\repository\org\springframework\boot\spring-boot-starter-logging\2.5.3\spring-boot-starter-logging-2.5.3.jar;F:\repository\org\apache\logging\log4j\log4j-to-slf4j\2.14.1\log4j-to-slf4j-2.14.1.jar;F:\repository\org\apache\logging\log4j\log4j-api\2.14.1\log4j-api-2.14.1.jar;F:\repository\org\slf4j\jul-to-slf4j\1.7.32\jul-to-slf4j-1.7.32.jar;F:\repository\jakarta\annotation\jakarta.annotation-api\1.3.5\jakarta.annotation-api-1.3.5.jar;F:\repository\org\yaml\snakeyaml\1.28\snakeyaml-1.28.jar;F:\repository\org\springframework\spring-messaging\5.3.9\spring-messaging-5.3.9.jar;F:\repository\org\springframework\amqp\spring-rabbit\2.3.10\spring-rabbit-2.3.10.jar;F:\repository\org\springframework\amqp\spring-amqp\2.3.10\spring-amqp-2.3.10.jar;F:\repository\org\springframework\retry\spring-retry\1.3.1\spring-retry-1.3.1.jar;F:\repository\com\rabbitmq\amqp-client\5.12.0\amqp-client-5.12.0.jar;F:\repository\org\springframework\boot\spring-boot-starter-web\2.5.2\spring-boot-starter-web-2.5.2.jar;F:\repository\org\springframework\boot\spring-boot-starter-json\2.5.3\spring-boot-starter-json-2.5.3.jar;F:\repository\com\fasterxml\jackson\datatype\jackson-datatype-jdk8\2.12.4\jackson-datatype-jdk8-2.12.4.jar;F:\repository\com\fasterxml\jackson\datatype\jackson-datatype-jsr310\2.12.4\jackson-datatype-jsr310-2.12.4.jar;F:\repository\com\fasterxml\jackson\module\jackson-module-parameter-names\2.12.4\jackson-module-parameter-names-2.12.4.jar;F:\repository\org\springframework\boot\spring-boot-starter-tomcat\2.5.3\spring-boot-starter-tomcat-2.5.3.jar;F:\repository\org\apache\tomcat\embed\tomcat-embed-core\9.0.50\tomcat-embed-core-9.0.50.jar;F:\repository\org\apache\tomcat\embed\tomcat-embed-el\9.0.50\tomcat-embed-el-9.0.50.jar;F:\repository\org\apache\tomcat\embed\tomcat-embed-websocket\9.0.50\tomcat-embed-websocket-9.0.50.jar;F:\repository\org\springframework\spring-web\5.3.9\spring-web-5.3.9.jar;F:\repository\org\springframework\spring-webmvc\5.3.9\spring-webmvc-5.3.9.jar;F:\repository\org\springframework\boot\spring-boot-starter-aop\2.5.2\spring-boot-starter-aop-2.5.2.jar;F:\repository\org\aspectj\aspectjweaver\1.9.7\aspectjweaver-1.9.7.jar;F:\repository\org\springframework\boot\spring-boot-starter-data-redis\2.5.3\spring-boot-starter-data-redis-2.5.3.jar;F:\repository\org\apache\commons\commons-pool2\2.6.1\commons-pool2-2.6.1.jar;F:\repository\mysql\mysql-connector-java\8.0.18\mysql-connector-java-8.0.18.jar;F:\repository\ch\qos\logback\logback-classic\1.2.4\logback-classic-1.2.4.jar;F:\repository\ch\qos\logback\logback-core\1.2.4\logback-core-1.2.4.jar;F:\repository\org\mybatis\mybatis-spring\1.3.1\mybatis-spring-1.3.1.jar;F:\repository\org\mybatis\mybatis\3.5.7\mybatis-3.5.7.jar;F:\repository\com\alibaba\druid\1.1.24\druid-1.1.24.jar;F:\repository\junit\junit\4.12\junit-4.12.jar;F:\repository\org\hamcrest\hamcrest-core\2.2\hamcrest-core-2.2.jar;F:\repository\org\hamcrest\hamcrest\2.2\hamcrest-2.2.jar;F:\repository\org\springframework\spring-context\5.3.8\spring-context-5.3.8.jar;F:\repository\org\springframework\spring-expression\5.3.9\spring-expression-5.3.9.jar;F:\repository\org\springframework\spring-core\5.3.8\spring-core-5.3.8.jar;F:\repository\org\springframework\spring-jcl\5.3.9\spring-jcl-5.3.9.jar;F:\repository\org\springframework\spring-tx\5.3.8\spring-tx-5.3.8.jar;F:\repository\org\slf4j\jcl-over-slf4j\1.7.25\jcl-over-slf4j-1.7.25.jar;F:\repository\org\springframework\spring-jdbc\5.3.8\spring-jdbc-5.3.8.jar;F:\repository\org\springframework\spring-beans\5.3.8\spring-beans-5.3.8.jar;F:\repository\org\springframework\spring-test\5.3.8\spring-test-5.3.8.jar;F:\repository\com\fasterxml\jackson\core\jackson-databind\2.12.4\jackson-databind-2.12.4.jar;F:\repository\com\fasterxml\jackson\core\jackson-annotations\2.12.4\jackson-annotations-2.12.4.jar;F:\repository\com\fasterxml\jackson\core\jackson-core\2.12.4\jackson-core-2.12.4.jar;F:\repository\com\alibaba\fastjson\1.2.54\fastjson-1.2.54.jar;F:\repository\io\lettuce\lettuce-core\6.1.3.RELEASE\lettuce-core-6.1.3.RELEASE.jar;F:\repository\io\netty\netty-common\4.1.66.Final\netty-common-4.1.66.Final.jar;F:\repository\io\netty\netty-handler\4.1.66.Final\netty-handler-4.1.66.Final.jar;F:\repository\io\netty\netty-resolver\4.1.66.Final\netty-resolver-4.1.66.Final.jar;F:\repository\io\netty\netty-buffer\4.1.66.Final\netty-buffer-4.1.66.Final.jar;F:\repository\io\netty\netty-codec\4.1.66.Final\netty-codec-4.1.66.Final.jar;F:\repository\io\netty\netty-transport\4.1.66.Final\netty-transport-4.1.66.Final.jar;F:\repository\io\projectreactor\reactor-core\3.4.8\reactor-core-3.4.8.jar;F:\repository\org\reactivestreams\reactive-streams\1.0.3\reactive-streams-1.0.3.jar;F:\repository\org\apache\maven\plugins\maven-project-info-reports-plugin\3.0.0\maven-project-info-reports-plugin-3.0.0.jar;F:\repository\org\apache\maven\reporting\maven-reporting-api\3.0\maven-reporting-api-3.0.jar;F:\repository\org\apache\maven\reporting\maven-reporting-impl\3.0.0\maven-reporting-impl-3.0.0.jar;F:\repository\org\apache\maven\shared\maven-shared-utils\3.2.0\maven-shared-utils-3.2.0.jar;F:\repository\org\apache\maven\maven-artifact\3.0\maven-artifact-3.0.jar;F:\repository\org\apache\maven\maven-core\3.0\maven-core-3.0.jar;F:\repository\org\apache\maven\maven-settings-builder\3.0\maven-settings-builder-3.0.jar;F:\repository\org\apache\maven\maven-model-builder\3.0\maven-model-builder-3.0.jar;F:\repository\org\apache\maven\maven-aether-provider\3.0\maven-aether-provider-3.0.jar;F:\repository\org\sonatype\aether\aether-impl\1.7\aether-impl-1.7.jar;F:\repository\org\sonatype\aether\aether-spi\1.7\aether-spi-1.7.jar;F:\repository\org\sonatype\aether\aether-api\1.7\aether-api-1.7.jar;F:\repository\org\sonatype\aether\aether-util\1.7\aether-util-1.7.jar;F:\repository\org\sonatype\sisu\sisu-inject-plexus\1.4.2\sisu-inject-plexus-1.4.2.jar;F:\repository\org\sonatype\sisu\sisu-inject-bean\1.4.2\sisu-inject-bean-1.4.2.jar;F:\repository\org\sonatype\sisu\sisu-guice\2.1.7\sisu-guice-2.1.7-noaop.jar;F:\repository\org\codehaus\plexus\plexus-classworlds\2.2.3\plexus-classworlds-2.2.3.jar;F:\repository\org\codehaus\plexus\plexus-component-annotations\1.5.5\plexus-component-annotations-1.5.5.jar;F:\repository\org\sonatype\plexus\plexus-sec-dispatcher\1.3\plexus-sec-dispatcher-1.3.jar;F:\repository\org\sonatype\plexus\plexus-cipher\1.4\plexus-cipher-1.4.jar;F:\repository\org\apache\maven\maven-model\3.0\maven-model-3.0.jar;F:\repository\org\apache\maven\maven-plugin-api\3.0\maven-plugin-api-3.0.jar;F:\repository\org\apache\maven\maven-repository-metadata\3.0\maven-repository-metadata-3.0.jar;F:\repository\org\apache\maven\maven-settings\3.0\maven-settings-3.0.jar;F:\repository\org\apache\maven\shared\maven-dependency-tree\2.2\maven-dependency-tree-2.2.jar;F:\repository\org\eclipse\aether\aether-util\0.9.0.M2\aether-util-0.9.0.M2.jar;F:\repository\org\apache\maven\shared\maven-shared-jar\1.2\maven-shared-jar-1.2.jar;F:\repository\org\codehaus\plexus\plexus-digest\1.0\plexus-digest-1.0.jar;F:\repository\org\codehaus\plexus\plexus-container-default\1.0-alpha-8\plexus-container-default-1.0-alpha-8.jar;F:\repository\classworlds\classworlds\1.1-alpha-2\classworlds-1.1-alpha-2.jar;F:\repository\commons-collections\commons-collections\3.1\commons-collections-3.1.jar;F:\repository\org\apache\bcel\bcel\6.2\bcel-6.2.jar;F:\repository\org\apache\maven\shared\maven-common-artifact-filters\3.0.1\maven-common-artifact-filters-3.0.1.jar;F:\repository\org\apache\maven\shared\maven-artifact-transfer\0.9.1\maven-artifact-transfer-0.9.1.jar;F:\repository\commons-codec\commons-codec\1.15\commons-codec-1.15.jar;F:\repository\org\apache\maven\scm\maven-scm-api\1.10.0\maven-scm-api-1.10.0.jar;F:\repository\org\apache\maven\scm\maven-scm-manager-plexus\1.10.0\maven-scm-manager-plexus-1.10.0.jar;F:\repository\org\apache\maven\scm\maven-scm-provider-hg\1.10.0\maven-scm-provider-hg-1.10.0.jar;F:\repository\org\apache\maven\scm\maven-scm-provider-perforce\1.10.0\maven-scm-provider-perforce-1.10.0.jar;F:\repository\org\apache\maven\scm\maven-scm-provider-starteam\1.10.0\maven-scm-provider-starteam-1.10.0.jar;F:\repository\org\apache\maven\scm\maven-scm-provider-svn-commons\1.10.0\maven-scm-provider-svn-commons-1.10.0.jar;F:\repository\org\apache\maven\scm\maven-scm-provider-svnexe\1.10.0\maven-scm-provider-svnexe-1.10.0.jar;F:\repository\commons-lang\commons-lang\2.6\commons-lang-2.6.jar;F:\repository\org\apache\maven\scm\maven-scm-provider-cvs-commons\1.10.0\maven-scm-provider-cvs-commons-1.10.0.jar;F:\repository\org\apache\maven\scm\maven-scm-provider-cvsexe\1.10.0\maven-scm-provider-cvsexe-1.10.0.jar;F:\repository\org\apache\maven\scm\maven-scm-provider-cvsjava\1.10.0\maven-scm-provider-cvsjava-1.10.0.jar;F:\repository\org\netbeans\lib\cvsclient\20060125\cvsclient-20060125.jar;F:\repository\ch\ethz\ganymed\ganymed-ssh2\build210\ganymed-ssh2-build210.jar;F:\repository\org\apache\maven\scm\maven-scm-provider-git-commons\1.10.0\maven-scm-provider-git-commons-1.10.0.jar;F:\repository\org\apache\maven\scm\maven-scm-provider-gitexe\1.10.0\maven-scm-provider-gitexe-1.10.0.jar;F:\repository\commons-io\commons-io\2.2\commons-io-2.2.jar;F:\repository\org\apache\maven\doxia\doxia-sink-api\1.8\doxia-sink-api-1.8.jar;F:\repository\org\apache\maven\doxia\doxia-logging-api\1.8\doxia-logging-api-1.8.jar;F:\repository\org\apache\maven\doxia\doxia-core\1.8\doxia-core-1.8.jar;F:\repository\org\apache\commons\commons-lang3\3.12.0\commons-lang3-3.12.0.jar;F:\repository\org\apache\httpcomponents\httpclient\4.5.13\httpclient-4.5.13.jar;F:\repository\org\apache\httpcomponents\httpcore\4.4.14\httpcore-4.4.14.jar;F:\repository\org\apache\maven\doxia\doxia-decoration-model\1.8.1\doxia-decoration-model-1.8.1.jar;F:\repository\org\apache\maven\doxia\doxia-site-renderer\1.8.1\doxia-site-renderer-1.8.1.jar;F:\repository\org\apache\maven\doxia\doxia-skin-model\1.8.1\doxia-skin-model-1.8.1.jar;F:\repository\org\apache\maven\doxia\doxia-module-xhtml\1.8\doxia-module-xhtml-1.8.jar;F:\repository\org\codehaus\plexus\plexus-velocity\1.2\plexus-velocity-1.2.jar;F:\repository\org\apache\velocity\velocity\1.7\velocity-1.7.jar;F:\repository\org\apache\velocity\velocity-tools\2.0\velocity-tools-2.0.jar;F:\repository\commons-chain\commons-chain\1.1\commons-chain-1.1.jar;F:\repository\dom4j\dom4j\1.1\dom4j-1.1.jar;F:\repository\oro\oro\2.0.8\oro-2.0.8.jar;F:\repository\sslext\sslext\1.2-0\sslext-1.2-0.jar;F:\repository\org\apache\struts\struts-core\1.3.8\struts-core-1.3.8.jar;F:\repository\antlr\antlr\2.7.7\antlr-2.7.7.jar;F:\repository\org\apache\struts\struts-taglib\1.3.8\struts-taglib-1.3.8.jar;F:\repository\org\apache\struts\struts-tiles\1.3.8\struts-tiles-1.3.8.jar;F:\repository\org\apache\maven\doxia\doxia-integration-tools\1.8.1\doxia-integration-tools-1.8.1.jar;F:\repository\org\codehaus\plexus\plexus-i18n\1.0-beta-10\plexus-i18n-1.0-beta-10.jar;F:\repository\org\codehaus\plexus\plexus-utils\3.1.0\plexus-utils-3.1.0.jar;F:\repository\org\codehaus\plexus\plexus-interpolation\1.25\plexus-interpolation-1.25.jar;F:\repository\org\apache\maven\wagon\wagon-http-lightweight\3.1.0\wagon-http-lightweight-3.1.0.jar;F:\repository\org\apache\maven\wagon\wagon-http-shared\3.1.0\wagon-http-shared-3.1.0.jar;F:\repository\org\jsoup\jsoup\1.11.2\jsoup-1.11.2.jar;F:\repository\org\apache\maven\wagon\wagon-provider-api\3.1.0\wagon-provider-api-3.1.0.jar;F:\repository\commons-validator\commons-validator\1.6\commons-validator-1.6.jar;F:\repository\commons-beanutils\commons-beanutils\1.9.2\commons-beanutils-1.9.2.jar;F:\repository\commons-digester\commons-digester\1.8.1\commons-digester-1.8.1.jar;F:\repository\commons-logging\commons-logging\1.2\commons-logging-1.2.jar;"/>
    <property name="sun.cpu.endian" value="little"/>
    <property name="user.home" value="C:\Users\Administrator.SUR2TC298617Z6W"/>
    <property name="user.language" value="zh"/>
    <property name="java.specification.vendor" value="Oracle Corporation"/>
    <property name="java.home" value="C:\Program Files\Java\jdk1.8.0_191\jre"/>
    <property name="basedir" value="F:\sources\RedisLock\producer"/>
    <property name="file.separator" value="\"/>
    <property name="line.separator" value="&#10;"/>
    <property name="java.vm.specification.vendor" value="Oracle Corporation"/>
    <property name="java.specification.name" value="Java Platform API Specification"/>
    <property name="java.awt.graphicsenv" value="sun.awt.Win32GraphicsEnvironment"/>
    <property name="surefire.real.class.path" value="C:\Users\Administrator.SUR2TC298617Z6W\AppData\Local\Temp\surefire5904017898414746121\surefirebooter7292583830727741057.jar"/>
    <property name="sun.boot.class.path" value="C:\Program Files\Java\jdk1.8.0_191\jre\lib\resources.jar;C:\Program Files\Java\jdk1.8.0_191\jre\lib\rt.jar;C:\Program Files\Java\jdk1.8.0_191\jre\lib\sunrsasign.jar;C:\Program Files\Java\jdk1.8.0_191\jre\lib\jsse.jar;C:\Program Files\Java\jdk1.8.0_191\jre\lib\jce.jar;C:\Program Files\Java\jdk1.8.0_191\jre\lib\charsets.jar;C:\Program Files\Java\jdk1.8.0_191\jre\lib\jfr.jar;C:\Program Files\Java\jdk1.8.0_191\jre\classes"/>
    <property name="user.script" value=""/>
    <property name="sun.management.compiler" value="HotSpot 64-Bit Tiered Compilers"/>
    <property name="java.runtime.version" value="1.8.0_191-b12"/>
    <property name="user.name" value="Administrator"/>
    <property name="path.separator" value=";"/>
    <property name="os.version" value="10.0"/>
    <property name="java.endorsed.dirs" value="C:\Program Files\Java\jdk1.8.0_191\jre\lib\endorsed"/>
    <property name="java.runtime.name" value="Java(TM) SE Runtime Environment"/>
    <property name="file.encoding" value="GBK"/>
    <property name="java.vm.name" value="Java HotSpot(TM) 64-Bit Server VM"/>
    <property name="localRepository" value="F:\repository"/>
    <property name="java.vendor.url.bug" value="http://bugreport.sun.com/bugreport/"/>
    <property name="java.io.tmpdir" value="C:\Users\Administrator.SUR2TC298617Z6W\AppData\Local\Temp\"/>
    <property name="idea.version" value="2021.2.1"/>
    <property name="java.version" value="1.8.0_191"/>
    <property name="user.dir" value="F:\sources\RedisLock\producer"/>
    <property name="os.arch" value="amd64"/>
    <property name="java.vm.specification.name" value="Java Virtual Machine Specification"/>
    <property name="java.awt.printerjob" value="sun.awt.windows.WPrinterJob"/>
    <property name="sun.os.patch.level" value=""/>
    <property name="java.library.path" value="C:\Program Files\Java\jdk1.8.0_191\jre\bin;C:\Windows\Sun\Java\bin;C:\Windows\system32;C:\Windows;C:\Windows\system32;C:\Windows;C:\Windows\System32\Wbem;C:\Windows\System32\WindowsPowerShell\v1.0\;C:\Windows\System32\OpenSSH\;C:\Program Files\Git\cmd;C:\Program Files (x86)\NVIDIA Corporation\PhysX\Common;C:\Users\Administrator.SUR2TC298617Z6W\AppData\Local\Microsoft\WindowsApps;;."/>
    <property name="java.vm.info" value="mixed mode"/>
    <property name="java.vendor" value="Oracle Corporation"/>
    <property name="java.vm.version" value="25.191-b12"/>
    <property name="java.ext.dirs" value="C:\Program Files\Java\jdk1.8.0_191\jre\lib\ext;C:\Windows\Sun\Java\lib\ext"/>
    <property name="sun.io.unicode.encoding" value="UnicodeLittle"/>
    <property name="maven.repo.local" value="F:\repository"/>
    <property name="java.class.version" value="52.0"/>
  </properties>
  <testcase name="test02" classname="org.example.AppTest" time="0.025"/>
</testsuite>